2015-08-03 21:38:43 Error: Fatal Error (1): Call to a member function allow() on null in [/opt/lampp/htdocs/forum/app/Controller/UsersController.php, line 9]
2015-08-03 21:38:43 Error: [FatalErrorException] Call to a member function allow() on null
Request URL: /forum/users/login
Stack Trace:
#0 /opt/lampp/htdocs/forum/lib/Cake/Error/ErrorHandler.php(203): ErrorHandler::handleFatalError(1, 'Call to a membe...', '/opt/lampp/htdo...', 9)
#1 [internal function]: ErrorHandler::handleError(1, 'Call to a membe...', '/opt/lampp/htdo...', 9, Array)
#2 /opt/lampp/htdocs/forum/lib/Cake/Core/App.php(929): call_user_func('ErrorHandler::h...', 1, 'Call to a membe...', '/opt/lampp/htdo...', 9, Array)
#3 /opt/lampp/htdocs/forum/lib/Cake/Core/App.php(902): App::_checkFatalError()
#4 [internal function]: App::shutdown()
#5 {main}
2015-08-03 21:44:32 Error: Fatal Error (1): Call to a member function allow() on null in [/opt/lampp/htdocs/forum/app/Controller/UsersController.php, line 9]
2015-08-03 21:44:32 Error: [FatalErrorException] Call to a member function allow() on null
Request URL: /forum/users/login
Stack Trace:
#0 /opt/lampp/htdocs/forum/lib/Cake/Error/ErrorHandler.php(203): ErrorHandler::handleFatalError(1, 'Call to a membe...', '/opt/lampp/htdo...', 9)
#1 [internal function]: ErrorHandler::handleError(1, 'Call to a membe...', '/opt/lampp/htdo...', 9, Array)
#2 /opt/lampp/htdocs/forum/lib/Cake/Core/App.php(929): call_user_func('ErrorHandler::h...', 1, 'Call to a membe...', '/opt/lampp/htdo...', 9, Array)
#3 /opt/lampp/htdocs/forum/lib/Cake/Core/App.php(902): App::_checkFatalError()
#4 [internal function]: App::shutdown()
#5 {main}
2015-08-03 21:44:34 Error: Fatal Error (1): Call to a member function allow() on null in [/opt/lampp/htdocs/forum/app/Controller/UsersController.php, line 9]
2015-08-03 21:44:34 Error: [FatalErrorException] Call to a member function allow() on null
Request URL: /forum/users/login
Stack Trace:
#0 /opt/lampp/htdocs/forum/lib/Cake/Error/ErrorHandler.php(203): ErrorHandler::handleFatalError(1, 'Call to a membe...', '/opt/lampp/htdo...', 9)
#1 [internal function]: ErrorHandler::handleError(1, 'Call to a membe...', '/opt/lampp/htdo...', 9, Array)
#2 /opt/lampp/htdocs/forum/lib/Cake/Core/App.php(929): call_user_func('ErrorHandler::h...', 1, 'Call to a membe...', '/opt/lampp/htdo...', 9, Array)
#3 /opt/lampp/htdocs/forum/lib/Cake/Core/App.php(902): App::_checkFatalError()
#4 [internal function]: App::shutdown()
#5 {main}
2015-08-03 21:44:50 Error: Fatal Error (1): Call to a member function allow() on null in [/opt/lampp/htdocs/forum/app/Controller/UsersController.php, line 9]
2015-08-03 21:44:50 Error: [FatalErrorException] Call to a member function allow() on null
Request URL: /forum/users/
Stack Trace:
#0 /opt/lampp/htdocs/forum/lib/Cake/Error/ErrorHandler.php(203): ErrorHandler::handleFatalError(1, 'Call to a membe...', '/opt/lampp/htdo...', 9)
#1 [internal function]: ErrorHandler::handleError(1, 'Call to a membe...', '/opt/lampp/htdo...', 9, Array)
#2 /opt/lampp/htdocs/forum/lib/Cake/Core/App.php(929): call_user_func('ErrorHandler::h...', 1, 'Call to a membe...', '/opt/lampp/htdo...', 9, Array)
#3 /opt/lampp/htdocs/forum/lib/Cake/Core/App.php(902): App::_checkFatalError()
#4 [internal function]: App::shutdown()
#5 {main}
2015-08-03 21:45:33 Error: [MissingActionException] Action UsersController::index() could not be found.
Exception Attributes: array (
  'controller' => 'UsersController',
  'action' => 'index',
)
Request URL: /forum/users/
Stack Trace:
#0 /opt/lampp/htdocs/forum/lib/Cake/Routing/Dispatcher.php(185): Controller->invokeAction(Object(CakeRequest))
#1 /opt/lampp/htdocs/forum/lib/Cake/Routing/Dispatcher.php(160): Dispatcher->_invoke(Object(UsersController), Object(CakeRequest), Object(CakeResponse))
#2 /opt/lampp/htdocs/forum/app/webroot/index.php(108): Dispatcher->dispatch(Object(CakeRequest), Object(CakeResponse))
#3 {main}
2015-08-03 21:45:40 Error: [MissingDatasourceConfigException] The datasource configuration "default" was not found in database.php
Exception Attributes: array (
  'config' => 'default',
)
Request URL: /forum/users/login
Stack Trace:
#0 /opt/lampp/htdocs/forum/lib/Cake/Model/ConnectionManager.php(91): ConnectionManager::_getConnectionObject('default')
#1 /opt/lampp/htdocs/forum/lib/Cake/Model/Model.php(3471): ConnectionManager::getDataSource('default')
#2 /opt/lampp/htdocs/forum/lib/Cake/Model/Model.php(1126): Model->setDataSource('default')
#3 /opt/lampp/htdocs/forum/lib/Cake/Model/Model.php(3493): Model->setSource('users')
#4 /opt/lampp/htdocs/forum/lib/Cake/Model/Model.php(1353): Model->getDataSource()
#5 /opt/lampp/htdocs/forum/lib/Cake/View/Helper/FormHelper.php(199): Model->schema()
#6 /opt/lampp/htdocs/forum/lib/Cake/View/Helper/FormHelper.php(451): FormHelper->_introspectModel('User', 'fields')
#7 /opt/lampp/htdocs/forum/app/View/Users/login.ctp(8): FormHelper->create('User', Array)
#8 /opt/lampp/htdocs/forum/lib/Cake/View/View.php(929): include('/opt/lampp/htdo...')
#9 /opt/lampp/htdocs/forum/lib/Cake/View/View.php(891): View->_evaluate('/opt/lampp/htdo...', Array)
#10 /opt/lampp/htdocs/forum/lib/Cake/View/View.php(460): View->_render('/opt/lampp/htdo...')
#11 /opt/lampp/htdocs/forum/lib/Cake/Controller/Controller.php(952): View->render(NULL, NULL)
#12 /opt/lampp/htdocs/forum/lib/Cake/Routing/Dispatcher.php(192): Controller->render()
#13 /opt/lampp/htdocs/forum/lib/Cake/Routing/Dispatcher.php(160): Dispatcher->_invoke(Object(UsersController), Object(CakeRequest), Object(CakeResponse))
#14 /opt/lampp/htdocs/forum/app/webroot/index.php(108): Dispatcher->dispatch(Object(CakeRequest), Object(CakeResponse))
#15 {main}
2015-08-04 00:49:41 Error: [MissingControllerException] Controller class FourmsController could not be found.
Exception Attributes: array (
  'class' => 'FourmsController',
  'plugin' => NULL,
)
Request URL: /forum/fourms
Stack Trace:
#0 /opt/lampp/htdocs/forum/app/webroot/index.php(108): Dispatcher->dispatch(Object(CakeRequest), Object(CakeResponse))
#1 {main}
2015-08-04 17:46:14 Error: [MissingActionException] Action PagesController::index() could not be found.
Exception Attributes: array (
  'controller' => 'PagesController',
  'action' => 'index',
)
Request URL: /forum/
Stack Trace:
#0 /opt/lampp/htdocs/forum/lib/Cake/Routing/Dispatcher.php(185): Controller->invokeAction(Object(CakeRequest))
#1 /opt/lampp/htdocs/forum/lib/Cake/Routing/Dispatcher.php(160): Dispatcher->_invoke(Object(PagesController), Object(CakeRequest), Object(CakeResponse))
#2 /opt/lampp/htdocs/forum/app/webroot/index.php(108): Dispatcher->dispatch(Object(CakeRequest), Object(CakeResponse))
#3 {main}
2015-08-04 17:46:23 Error: [MissingControllerException] Controller class IndexController could not be found.
Exception Attributes: array (
  'class' => 'IndexController',
  'plugin' => NULL,
)
Request URL: /forum/index
Stack Trace:
#0 /opt/lampp/htdocs/forum/app/webroot/index.php(108): Dispatcher->dispatch(Object(CakeRequest), Object(CakeResponse))
#1 {main}
2015-08-04 20:12:44 Error: [MissingActionException] Action PagesController::index() could not be found.
Exception Attributes: array (
  'controller' => 'PagesController',
  'action' => 'index',
)
Request URL: /forum/
Stack Trace:
#0 /opt/lampp/htdocs/forum/lib/Cake/Routing/Dispatcher.php(185): Controller->invokeAction(Object(CakeRequest))
#1 /opt/lampp/htdocs/forum/lib/Cake/Routing/Dispatcher.php(160): Dispatcher->_invoke(Object(PagesController), Object(CakeRequest), Object(CakeResponse))
#2 /opt/lampp/htdocs/forum/app/webroot/index.php(108): Dispatcher->dispatch(Object(CakeRequest), Object(CakeResponse))
#3 {main}
2015-08-04 20:19:08 Error: Fatal Error (4): syntax error, unexpected 'usersave' (T_STRING), expecting variable (T_VARIABLE) in [/opt/lampp/htdocs/forum/app/Controller/UsersController.php, line 12]
2015-08-04 20:19:08 Error: [FatalErrorException] syntax error, unexpected 'usersave' (T_STRING), expecting variable (T_VARIABLE)
Request URL: /forum/users/login
Stack Trace:
#0 /opt/lampp/htdocs/forum/lib/Cake/Error/ErrorHandler.php(203): ErrorHandler::handleFatalError(4, 'syntax error, u...', '/opt/lampp/htdo...', 12)
#1 [internal function]: ErrorHandler::handleError(4, 'syntax error, u...', '/opt/lampp/htdo...', 12, Array)
#2 /opt/lampp/htdocs/forum/lib/Cake/Core/App.php(929): call_user_func('ErrorHandler::h...', 4, 'syntax error, u...', '/opt/lampp/htdo...', 12, Array)
#3 /opt/lampp/htdocs/forum/lib/Cake/Core/App.php(902): App::_checkFatalError()
#4 [internal function]: App::shutdown()
#5 {main}
2015-08-04 21:27:30 Error: [MissingControllerException] Controller class TopicsController could not be found.
Exception Attributes: array (
  'class' => 'TopicsController',
  'plugin' => NULL,
)
Request URL: /forum/topics/index/1
Stack Trace:
#0 /opt/lampp/htdocs/forum/app/webroot/index.php(108): Dispatcher->dispatch(Object(CakeRequest), Object(CakeResponse))
#1 {main}
2015-08-04 21:32:30 Error: [MissingViewException] View file "/opt/lampp/htdocs/forum/app/View/Topics/index.ctp" is missing.
Exception Attributes: array (
  'file' => '/opt/lampp/htdocs/forum/app/View/Topics/index.ctp',
)
Request URL: /forum/topics/index/1
Stack Trace:
#0 /opt/lampp/htdocs/forum/lib/Cake/View/View.php(457): View->_getViewFileName(NULL)
#1 /opt/lampp/htdocs/forum/lib/Cake/Controller/Controller.php(952): View->render(NULL, NULL)
#2 /opt/lampp/htdocs/forum/lib/Cake/Routing/Dispatcher.php(192): Controller->render()
#3 /opt/lampp/htdocs/forum/lib/Cake/Routing/Dispatcher.php(160): Dispatcher->_invoke(Object(TopicsController), Object(CakeRequest), Object(CakeResponse))
#4 /opt/lampp/htdocs/forum/app/webroot/index.php(108): Dispatcher->dispatch(Object(CakeRequest), Object(CakeResponse))
#5 {main}
2015-08-04 21:36:55 Error: Fatal Error (1): Call to a member function paginate() on null in [/opt/lampp/htdocs/forum/app/Controller/TopicsController.php, line 27]
2015-08-04 21:36:55 Error: [FatalErrorException] Call to a member function paginate() on null
Request URL: /forum/topics/index/1
Stack Trace:
#0 /opt/lampp/htdocs/forum/lib/Cake/Error/ErrorHandler.php(203): ErrorHandler::handleFatalError(1, 'Call to a membe...', '/opt/lampp/htdo...', 27)
#1 [internal function]: ErrorHandler::handleError(1, 'Call to a membe...', '/opt/lampp/htdo...', 27, Array)
#2 /opt/lampp/htdocs/forum/lib/Cake/Core/App.php(929): call_user_func('ErrorHandler::h...', 1, 'Call to a membe...', '/opt/lampp/htdo...', 27, Array)
#3 /opt/lampp/htdocs/forum/lib/Cake/Core/App.php(902): App::_checkFatalError()
#4 [internal function]: App::shutdown()
#5 {main}
2015-08-04 21:41:38 Error: Fatal Error (1): Call to a member function paginate() on null in [/opt/lampp/htdocs/forum/app/Controller/TopicsController.php, line 27]
2015-08-04 21:41:38 Error: [FatalErrorException] Call to a member function paginate() on null
Request URL: /forum/topics/index/1
Stack Trace:
#0 /opt/lampp/htdocs/forum/lib/Cake/Error/ErrorHandler.php(203): ErrorHandler::handleFatalError(1, 'Call to a membe...', '/opt/lampp/htdo...', 27)
#1 [internal function]: ErrorHandler::handleError(1, 'Call to a membe...', '/opt/lampp/htdo...', 27, Array)
#2 /opt/lampp/htdocs/forum/lib/Cake/Core/App.php(929): call_user_func('ErrorHandler::h...', 1, 'Call to a membe...', '/opt/lampp/htdo...', 27, Array)
#3 /opt/lampp/htdocs/forum/lib/Cake/Core/App.php(902): App::_checkFatalError()
#4 [internal function]: App::shutdown()
#5 {main}
2015-08-04 21:42:16 Error: Fatal Error (1): Call to a member function paginate() on null in [/opt/lampp/htdocs/forum/app/Controller/TopicsController.php, line 27]
2015-08-04 21:42:16 Error: [FatalErrorException] Call to a member function paginate() on null
Request URL: /forum/topics/index/1
Stack Trace:
#0 /opt/lampp/htdocs/forum/lib/Cake/Error/ErrorHandler.php(203): ErrorHandler::handleFatalError(1, 'Call to a membe...', '/opt/lampp/htdo...', 27)
#1 [internal function]: ErrorHandler::handleError(1, 'Call to a membe...', '/opt/lampp/htdo...', 27, Array)
#2 /opt/lampp/htdocs/forum/lib/Cake/Core/App.php(929): call_user_func('ErrorHandler::h...', 1, 'Call to a membe...', '/opt/lampp/htdo...', 27, Array)
#3 /opt/lampp/htdocs/forum/lib/Cake/Core/App.php(902): App::_checkFatalError()
#4 [internal function]: App::shutdown()
#5 {main}
2015-08-04 22:08:13 Error: [MissingActionException] Action TopicsController::view() could not be found.
Exception Attributes: array (
  'controller' => 'TopicsController',
  'action' => 'view',
)
Request URL: /forum/topics/view/1
Stack Trace:
#0 /opt/lampp/htdocs/forum/lib/Cake/Routing/Dispatcher.php(185): Controller->invokeAction(Object(CakeRequest))
#1 /opt/lampp/htdocs/forum/lib/Cake/Routing/Dispatcher.php(160): Dispatcher->_invoke(Object(TopicsController), Object(CakeRequest), Object(CakeResponse))
#2 /opt/lampp/htdocs/forum/app/webroot/index.php(108): Dispatcher->dispatch(Object(CakeRequest), Object(CakeResponse))
#3 {main}
2015-08-04 22:19:18 Error: Fatal Error (4): syntax error, unexpected end of file in [/opt/lampp/htdocs/forum/app/View/Topics/view.ctp, line 2]
2015-08-04 22:19:18 Error: [FatalErrorException] syntax error, unexpected end of file
Request URL: /forum/topics/view/1
Stack Trace:
#0 /opt/lampp/htdocs/forum/lib/Cake/Error/ErrorHandler.php(203): ErrorHandler::handleFatalError(4, 'syntax error, u...', '/opt/lampp/htdo...', 2)
#1 [internal function]: ErrorHandler::handleError(4, 'syntax error, u...', '/opt/lampp/htdo...', 2, Array)
#2 /opt/lampp/htdocs/forum/lib/Cake/Core/App.php(929): call_user_func('ErrorHandler::h...', 4, 'syntax error, u...', '/opt/lampp/htdo...', 2, Array)
#3 /opt/lampp/htdocs/forum/lib/Cake/Core/App.php(902): App::_checkFatalError()
#4 [internal function]: App::shutdown()
#5 {main}
2015-08-05 00:06:50 Error: [MissingActionException] Action TopicsController::add() could not be found.
Exception Attributes: array (
  'controller' => 'TopicsController',
  'action' => 'add',
)
Request URL: /forum/topics/add
Stack Trace:
#0 /opt/lampp/htdocs/forum/lib/Cake/Routing/Dispatcher.php(185): Controller->invokeAction(Object(CakeRequest))
#1 /opt/lampp/htdocs/forum/lib/Cake/Routing/Dispatcher.php(160): Dispatcher->_invoke(Object(TopicsController), Object(CakeRequest), Object(CakeResponse))
#2 /opt/lampp/htdocs/forum/app/webroot/index.php(108): Dispatcher->dispatch(Object(CakeRequest), Object(CakeResponse))
#3 {main}
2015-08-05 00:06:56 Error: [MissingControllerException] Controller class PostsController could not be found.
Exception Attributes: array (
  'class' => 'PostsController',
  'plugin' => NULL,
)
Request URL: /forum/posts/add/1
Stack Trace:
#0 /opt/lampp/htdocs/forum/app/webroot/index.php(108): Dispatcher->dispatch(Object(CakeRequest), Object(CakeResponse))
#1 {main}
2015-08-05 00:22:44 Error: [MissingActionException] Action TopicsController::add() could not be found.
Exception Attributes: array (
  'controller' => 'TopicsController',
  'action' => 'add',
)
Request URL: /forum/topics/add
Stack Trace:
#0 /opt/lampp/htdocs/forum/lib/Cake/Routing/Dispatcher.php(185): Controller->invokeAction(Object(CakeRequest))
#1 /opt/lampp/htdocs/forum/lib/Cake/Routing/Dispatcher.php(160): Dispatcher->_invoke(Object(TopicsController), Object(CakeRequest), Object(CakeResponse))
#2 /opt/lampp/htdocs/forum/app/webroot/index.php(108): Dispatcher->dispatch(Object(CakeRequest), Object(CakeResponse))
#3 {main}
2015-08-05 00:41:19 Error: [MissingViewException] View file "/opt/lampp/htdocs/forum/app/View/Topics/add.ctp" is missing.
Exception Attributes: array (
  'file' => '/opt/lampp/htdocs/forum/app/View/Topics/add.ctp',
)
Request URL: /forum/topics/add
Stack Trace:
#0 /opt/lampp/htdocs/forum/lib/Cake/View/View.php(457): View->_getViewFileName(NULL)
#1 /opt/lampp/htdocs/forum/lib/Cake/Controller/Controller.php(952): View->render(NULL, NULL)
#2 /opt/lampp/htdocs/forum/lib/Cake/Routing/Dispatcher.php(192): Controller->render()
#3 /opt/lampp/htdocs/forum/lib/Cake/Routing/Dispatcher.php(160): Dispatcher->_invoke(Object(TopicsController), Object(CakeRequest), Object(CakeResponse))
#4 /opt/lampp/htdocs/forum/app/webroot/index.php(108): Dispatcher->dispatch(Object(CakeRequest), Object(CakeResponse))
#5 {main}
2015-08-05 18:37:21 Error: [MissingActionException] Action PagesController::index() could not be found.
Exception Attributes: array (
  'controller' => 'PagesController',
  'action' => 'index',
)
Request URL: /forum/
Stack Trace:
#0 /opt/lampp/htdocs/forum/lib/Cake/Routing/Dispatcher.php(185): Controller->invokeAction(Object(CakeRequest))
#1 /opt/lampp/htdocs/forum/lib/Cake/Routing/Dispatcher.php(160): Dispatcher->_invoke(Object(PagesController), Object(CakeRequest), Object(CakeResponse))
#2 /opt/lampp/htdocs/forum/app/webroot/index.php(108): Dispatcher->dispatch(Object(CakeRequest), Object(CakeResponse))
#3 {main}
2015-08-05 18:38:17 Error: [NotFoundException] Invalid forum
Request URL: /forum/topics/index
Stack Trace:
#0 [internal function]: TopicsController->index()
#1 /opt/lampp/htdocs/forum/lib/Cake/Controller/Controller.php(490): ReflectionMethod->invokeArgs(Object(TopicsController), Array)
#2 /opt/lampp/htdocs/forum/lib/Cake/Routing/Dispatcher.php(185): Controller->invokeAction(Object(CakeRequest))
#3 /opt/lampp/htdocs/forum/lib/Cake/Routing/Dispatcher.php(160): Dispatcher->_invoke(Object(TopicsController), Object(CakeRequest), Object(CakeResponse))
#4 /opt/lampp/htdocs/forum/app/webroot/index.php(108): Dispatcher->dispatch(Object(CakeRequest), Object(CakeResponse))
#5 {main}
2015-08-05 18:45:25 Error: [MissingActionException] Action PagesController::index() could not be found.
Exception Attributes: array (
  'controller' => 'PagesController',
  'action' => 'index',
)
Request URL: /forum/
Stack Trace:
#0 /opt/lampp/htdocs/forum/lib/Cake/Routing/Dispatcher.php(185): Controller->invokeAction(Object(CakeRequest))
#1 /opt/lampp/htdocs/forum/lib/Cake/Routing/Dispatcher.php(160): Dispatcher->_invoke(Object(PagesController), Object(CakeRequest), Object(CakeResponse))
#2 /opt/lampp/htdocs/forum/app/webroot/index.php(108): Dispatcher->dispatch(Object(CakeRequest), Object(CakeResponse))
#3 {main}
2015-08-05 18:45:45 Error: [MissingActionException] Action PagesController::index() could not be found.
Exception Attributes: array (
  'controller' => 'PagesController',
  'action' => 'index',
)
Request URL: /forum/
Stack Trace:
#0 /opt/lampp/htdocs/forum/lib/Cake/Routing/Dispatcher.php(185): Controller->invokeAction(Object(CakeRequest))
#1 /opt/lampp/htdocs/forum/lib/Cake/Routing/Dispatcher.php(160): Dispatcher->_invoke(Object(PagesController), Object(CakeRequest), Object(CakeResponse))
#2 /opt/lampp/htdocs/forum/app/webroot/index.php(108): Dispatcher->dispatch(Object(CakeRequest), Object(CakeResponse))
#3 {main}
2015-08-05 19:23:39 Error: Fatal Error (1): Call to a member function find() on null in [/opt/lampp/htdocs/forum/app/Controller/UsersController.php, line 13]
2015-08-05 19:23:39 Error: [FatalErrorException] Call to a member function find() on null
Request URL: /forum/users/profile
Stack Trace:
#0 /opt/lampp/htdocs/forum/lib/Cake/Error/ErrorHandler.php(203): ErrorHandler::handleFatalError(1, 'Call to a membe...', '/opt/lampp/htdo...', 13)
#1 [internal function]: ErrorHandler::handleError(1, 'Call to a membe...', '/opt/lampp/htdo...', 13, Array)
#2 /opt/lampp/htdocs/forum/lib/Cake/Core/App.php(929): call_user_func('ErrorHandler::h...', 1, 'Call to a membe...', '/opt/lampp/htdo...', 13, Array)
#3 /opt/lampp/htdocs/forum/lib/Cake/Core/App.php(902): App::_checkFatalError()
#4 [internal function]: App::shutdown()
#5 {main}
2015-08-05 19:24:50 Error: Fatal Error (1): Call to a member function read() on null in [/opt/lampp/htdocs/forum/app/Controller/UsersController.php, line 13]
2015-08-05 19:24:50 Error: [FatalErrorException] Call to a member function read() on null
Request URL: /forum/users/profile/1
Stack Trace:
#0 /opt/lampp/htdocs/forum/lib/Cake/Error/ErrorHandler.php(203): ErrorHandler::handleFatalError(1, 'Call to a membe...', '/opt/lampp/htdo...', 13)
#1 [internal function]: ErrorHandler::handleError(1, 'Call to a membe...', '/opt/lampp/htdo...', 13, Array)
#2 /opt/lampp/htdocs/forum/lib/Cake/Core/App.php(929): call_user_func('ErrorHandler::h...', 1, 'Call to a membe...', '/opt/lampp/htdo...', 13, Array)
#3 /opt/lampp/htdocs/forum/lib/Cake/Core/App.php(902): App::_checkFatalError()
#4 [internal function]: App::shutdown()
#5 {main}
2015-08-05 19:30:04 Error: Fatal Error (1): Call to a member function read() on null in [/opt/lampp/htdocs/forum/app/Controller/UsersController.php, line 13]
2015-08-05 19:30:04 Error: [FatalErrorException] Call to a member function read() on null
Request URL: /forum/users/profile/1
Stack Trace:
#0 /opt/lampp/htdocs/forum/lib/Cake/Error/ErrorHandler.php(203): ErrorHandler::handleFatalError(1, 'Call to a membe...', '/opt/lampp/htdo...', 13)
#1 [internal function]: ErrorHandler::handleError(1, 'Call to a membe...', '/opt/lampp/htdo...', 13, Array)
#2 /opt/lampp/htdocs/forum/lib/Cake/Core/App.php(929): call_user_func('ErrorHandler::h...', 1, 'Call to a membe...', '/opt/lampp/htdo...', 13, Array)
#3 /opt/lampp/htdocs/forum/lib/Cake/Core/App.php(902): App::_checkFatalError()
#4 [internal function]: App::shutdown()
#5 {main}
2015-08-05 20:32:45 Error: [MissingActionException] Action ForumsController::profile() could not be found.
Exception Attributes: array (
  'controller' => 'ForumsController',
  'action' => 'profile',
)
Request URL: /forum/Forums/profile
Stack Trace:
#0 /opt/lampp/htdocs/forum/lib/Cake/Routing/Dispatcher.php(185): Controller->invokeAction(Object(CakeRequest))
#1 /opt/lampp/htdocs/forum/lib/Cake/Routing/Dispatcher.php(160): Dispatcher->_invoke(Object(ForumsController), Object(CakeRequest), Object(CakeResponse))
#2 /opt/lampp/htdocs/forum/app/webroot/index.php(108): Dispatcher->dispatch(Object(CakeRequest), Object(CakeResponse))
#3 {main}
2015-08-05 20:32:58 Error: Fatal Error (1): Call to a member function read() on null in [/opt/lampp/htdocs/forum/app/Controller/UsersController.php, line 13]
2015-08-05 20:32:58 Error: [FatalErrorException] Call to a member function read() on null
Request URL: /forum/users/profile
Stack Trace:
#0 /opt/lampp/htdocs/forum/lib/Cake/Error/ErrorHandler.php(203): ErrorHandler::handleFatalError(1, 'Call to a membe...', '/opt/lampp/htdo...', 13)
#1 [internal function]: ErrorHandler::handleError(1, 'Call to a membe...', '/opt/lampp/htdo...', 13, Array)
#2 /opt/lampp/htdocs/forum/lib/Cake/Core/App.php(929): call_user_func('ErrorHandler::h...', 1, 'Call to a membe...', '/opt/lampp/htdo...', 13, Array)
#3 /opt/lampp/htdocs/forum/lib/Cake/Core/App.php(902): App::_checkFatalError()
#4 [internal function]: App::shutdown()
#5 {main}
2015-08-05 20:33:13 Error: Fatal Error (1): Call to a member function read() on null in [/opt/lampp/htdocs/forum/app/Controller/UsersController.php, line 13]
2015-08-05 20:33:13 Error: [FatalErrorException] Call to a member function read() on null
Request URL: /forum/users/profile/1
Stack Trace:
#0 /opt/lampp/htdocs/forum/lib/Cake/Error/ErrorHandler.php(203): ErrorHandler::handleFatalError(1, 'Call to a membe...', '/opt/lampp/htdo...', 13)
#1 [internal function]: ErrorHandler::handleError(1, 'Call to a membe...', '/opt/lampp/htdo...', 13, Array)
#2 /opt/lampp/htdocs/forum/lib/Cake/Core/App.php(929): call_user_func('ErrorHandler::h...', 1, 'Call to a membe...', '/opt/lampp/htdo...', 13, Array)
#3 /opt/lampp/htdocs/forum/lib/Cake/Core/App.php(902): App::_checkFatalError()
#4 [internal function]: App::shutdown()
#5 {main}
2015-08-05 20:36:37 Error: Fatal Error (1): Call to a member function read() on null in [/opt/lampp/htdocs/forum/app/Controller/UsersController.php, line 13]
2015-08-05 20:36:37 Error: [FatalErrorException] Call to a member function read() on null
Request URL: /forum/users/profile/1
Stack Trace:
#0 /opt/lampp/htdocs/forum/lib/Cake/Error/ErrorHandler.php(203): ErrorHandler::handleFatalError(1, 'Call to a membe...', '/opt/lampp/htdo...', 13)
#1 [internal function]: ErrorHandler::handleError(1, 'Call to a membe...', '/opt/lampp/htdo...', 13, Array)
#2 /opt/lampp/htdocs/forum/lib/Cake/Core/App.php(929): call_user_func('ErrorHandler::h...', 1, 'Call to a membe...', '/opt/lampp/htdo...', 13, Array)
#3 /opt/lampp/htdocs/forum/lib/Cake/Core/App.php(902): App::_checkFatalError()
#4 [internal function]: App::shutdown()
#5 {main}
2015-08-05 21:19:22 Error: [PDOException] SQLSTATE[42000]: Syntax error or access violation: 1064 You have an error in your SQL syntax; check the manual that corresponds to your MySQL server version for the right syntax to use near 'Auth' at line 1
Request URL: /forum/users/profile/1
Stack Trace:
#0 /opt/lampp/htdocs/forum/lib/Cake/Model/Datasource/DboSource.php(458): PDOStatement->execute(Array)
#1 /opt/lampp/htdocs/forum/lib/Cake/Model/Datasource/DboSource.php(424): DboSource->_execute('Auth', Array)
#2 /opt/lampp/htdocs/forum/lib/Cake/Model/Datasource/DboSource.php(664): DboSource->execute('Auth', Array, Array)
#3 /opt/lampp/htdocs/forum/lib/Cake/Model/Datasource/DboSource.php(609): DboSource->fetchAll('Auth', Array, Array)
#4 /opt/lampp/htdocs/forum/lib/Cake/Model/Model.php(800): DboSource->query('Auth', Array, Object(User))
#5 /opt/lampp/htdocs/forum/app/Controller/UsersController.php(13): Model->__call('Auth', Array)
#6 /opt/lampp/htdocs/forum/app/Controller/UsersController.php(13): User->Auth('id')
#7 [internal function]: UsersController->profile('1')
#8 /opt/lampp/htdocs/forum/lib/Cake/Controller/Controller.php(490): ReflectionMethod->invokeArgs(Object(UsersController), Array)
#9 /opt/lampp/htdocs/forum/lib/Cake/Routing/Dispatcher.php(185): Controller->invokeAction(Object(CakeRequest))
#10 /opt/lampp/htdocs/forum/lib/Cake/Routing/Dispatcher.php(160): Dispatcher->_invoke(Object(UsersController), Object(CakeRequest), Object(CakeResponse))
#11 /opt/lampp/htdocs/forum/app/webroot/index.php(108): Dispatcher->dispatch(Object(CakeRequest), Object(CakeResponse))
#12 {main}
2015-08-05 21:19:33 Error: [PDOException] SQLSTATE[42000]: Syntax error or access violation: 1064 You have an error in your SQL syntax; check the manual that corresponds to your MySQL server version for the right syntax to use near 'Auth' at line 1
Request URL: /forum/users/profile
Stack Trace:
#0 /opt/lampp/htdocs/forum/lib/Cake/Model/Datasource/DboSource.php(458): PDOStatement->execute(Array)
#1 /opt/lampp/htdocs/forum/lib/Cake/Model/Datasource/DboSource.php(424): DboSource->_execute('Auth', Array)
#2 /opt/lampp/htdocs/forum/lib/Cake/Model/Datasource/DboSource.php(664): DboSource->execute('Auth', Array, Array)
#3 /opt/lampp/htdocs/forum/lib/Cake/Model/Datasource/DboSource.php(609): DboSource->fetchAll('Auth', Array, Array)
#4 /opt/lampp/htdocs/forum/lib/Cake/Model/Model.php(800): DboSource->query('Auth', Array, Object(User))
#5 /opt/lampp/htdocs/forum/app/Controller/UsersController.php(13): Model->__call('Auth', Array)
#6 /opt/lampp/htdocs/forum/app/Controller/UsersController.php(13): User->Auth('id')
#7 [internal function]: UsersController->profile()
#8 /opt/lampp/htdocs/forum/lib/Cake/Controller/Controller.php(490): ReflectionMethod->invokeArgs(Object(UsersController), Array)
#9 /opt/lampp/htdocs/forum/lib/Cake/Routing/Dispatcher.php(185): Controller->invokeAction(Object(CakeRequest))
#10 /opt/lampp/htdocs/forum/lib/Cake/Routing/Dispatcher.php(160): Dispatcher->_invoke(Object(UsersController), Object(CakeRequest), Object(CakeResponse))
#11 /opt/lampp/htdocs/forum/app/webroot/index.php(108): Dispatcher->dispatch(Object(CakeRequest), Object(CakeResponse))
#12 {main}
2015-08-05 21:20:14 Error: [PDOException] SQLSTATE[42S22]: Column not found: 1054 Unknown column 'Profile.null' in 'field list'
Request URL: /forum/users/profile
Stack Trace:
#0 /opt/lampp/htdocs/forum/lib/Cake/Model/Datasource/DboSource.php(458): PDOStatement->execute(Array)
#1 /opt/lampp/htdocs/forum/lib/Cake/Model/Datasource/DboSource.php(424): DboSource->_execute('SELECT `Profile...', Array)
#2 /opt/lampp/htdocs/forum/lib/Cake/Model/Datasource/DboSource.php(664): DboSource->execute('SELECT `Profile...', Array, Array)
#3 /opt/lampp/htdocs/forum/lib/Cake/Model/Datasource/DboSource.php(1076): DboSource->fetchAll('SELECT `Profile...', false)
#4 /opt/lampp/htdocs/forum/lib/Cake/Model/Model.php(2897): DboSource->read(Object(Profile), Array)
#5 /opt/lampp/htdocs/forum/lib/Cake/Model/Model.php(2869): Model->_readDataSource('first', Array)
#6 /opt/lampp/htdocs/forum/lib/Cake/Model/Model.php(1592): Model->find('first', Array)
#7 /opt/lampp/htdocs/forum/app/Controller/UsersController.php(14): Model->read('null', '1')
#8 [internal function]: UsersController->profile()
#9 /opt/lampp/htdocs/forum/lib/Cake/Controller/Controller.php(490): ReflectionMethod->invokeArgs(Object(UsersController), Array)
#10 /opt/lampp/htdocs/forum/lib/Cake/Routing/Dispatcher.php(185): Controller->invokeAction(Object(CakeRequest))
#11 /opt/lampp/htdocs/forum/lib/Cake/Routing/Dispatcher.php(160): Dispatcher->_invoke(Object(UsersController), Object(CakeRequest), Object(CakeResponse))
#12 /opt/lampp/htdocs/forum/app/webroot/index.php(108): Dispatcher->dispatch(Object(CakeRequest), Object(CakeResponse))
#13 {main}
2015-08-05 21:20:57 Error: [PDOException] SQLSTATE[42S22]: Column not found: 1054 Unknown column 'User.null' in 'field list'
Request URL: /forum/users/profile
Stack Trace:
#0 /opt/lampp/htdocs/forum/lib/Cake/Model/Datasource/DboSource.php(458): PDOStatement->execute(Array)
#1 /opt/lampp/htdocs/forum/lib/Cake/Model/Datasource/DboSource.php(424): DboSource->_execute('SELECT `User`.`...', Array)
#2 /opt/lampp/htdocs/forum/lib/Cake/Model/Datasource/DboSource.php(664): DboSource->execute('SELECT `User`.`...', Array, Array)
#3 /opt/lampp/htdocs/forum/lib/Cake/Model/Datasource/DboSource.php(1076): DboSource->fetchAll('SELECT `User`.`...', false)
#4 /opt/lampp/htdocs/forum/lib/Cake/Model/Model.php(2897): DboSource->read(Object(User), Array)
#5 /opt/lampp/htdocs/forum/lib/Cake/Model/Model.php(2869): Model->_readDataSource('first', Array)
#6 /opt/lampp/htdocs/forum/lib/Cake/Model/Model.php(1592): Model->find('first', Array)
#7 /opt/lampp/htdocs/forum/app/Controller/UsersController.php(14): Model->read('null', '1')
#8 [internal function]: UsersController->profile()
#9 /opt/lampp/htdocs/forum/lib/Cake/Controller/Controller.php(490): ReflectionMethod->invokeArgs(Object(UsersController), Array)
#10 /opt/lampp/htdocs/forum/lib/Cake/Routing/Dispatcher.php(185): Controller->invokeAction(Object(CakeRequest))
#11 /opt/lampp/htdocs/forum/lib/Cake/Routing/Dispatcher.php(160): Dispatcher->_invoke(Object(UsersController), Object(CakeRequest), Object(CakeResponse))
#12 /opt/lampp/htdocs/forum/app/webroot/index.php(108): Dispatcher->dispatch(Object(CakeRequest), Object(CakeResponse))
#13 {main}
2015-08-05 21:25:37 Error: [PDOException] SQLSTATE[42000]: Syntax error or access violation: 1064 You have an error in your SQL syntax; check the manual that corresponds to your MySQL server version for the right syntax to use near '=>1' at line 1
Request URL: /forum/users/profile
Stack Trace:
#0 /opt/lampp/htdocs/forum/lib/Cake/Model/Datasource/DboSource.php(458): PDOStatement->execute(Array)
#1 /opt/lampp/htdocs/forum/lib/Cake/Model/Datasource/DboSource.php(424): DboSource->_execute('SELECT `User`.`...', Array)
#2 /opt/lampp/htdocs/forum/lib/Cake/Model/Datasource/DboSource.php(664): DboSource->execute('SELECT `User`.`...', Array, Array)
#3 /opt/lampp/htdocs/forum/lib/Cake/Model/Datasource/DboSource.php(1076): DboSource->fetchAll('SELECT `User`.`...', false)
#4 /opt/lampp/htdocs/forum/lib/Cake/Model/Model.php(2897): DboSource->read(Object(User), Array)
#5 /opt/lampp/htdocs/forum/lib/Cake/Model/Model.php(2869): Model->_readDataSource('all', Array)
#6 /opt/lampp/htdocs/forum/app/Controller/UsersController.php(14): Model->find('all', Array)
#7 [internal function]: UsersController->profile()
#8 /opt/lampp/htdocs/forum/lib/Cake/Controller/Controller.php(490): ReflectionMethod->invokeArgs(Object(UsersController), Array)
#9 /opt/lampp/htdocs/forum/lib/Cake/Routing/Dispatcher.php(185): Controller->invokeAction(Object(CakeRequest))
#10 /opt/lampp/htdocs/forum/lib/Cake/Routing/Dispatcher.php(160): Dispatcher->_invoke(Object(UsersController), Object(CakeRequest), Object(CakeResponse))
#11 /opt/lampp/htdocs/forum/app/webroot/index.php(108): Dispatcher->dispatch(Object(CakeRequest), Object(CakeResponse))
#12 {main}
2015-08-05 21:27:16 Error: [PDOException] SQLSTATE[42S22]: Column not found: 1054 Unknown column 'User.id=' in 'where clause'
Request URL: /forum/users/profile
Stack Trace:
#0 /opt/lampp/htdocs/forum/lib/Cake/Model/Datasource/DboSource.php(458): PDOStatement->execute(Array)
#1 /opt/lampp/htdocs/forum/lib/Cake/Model/Datasource/DboSource.php(424): DboSource->_execute('SELECT `User`.`...', Array)
#2 /opt/lampp/htdocs/forum/lib/Cake/Model/Datasource/DboSource.php(664): DboSource->execute('SELECT `User`.`...', Array, Array)
#3 /opt/lampp/htdocs/forum/lib/Cake/Model/Datasource/DboSource.php(1076): DboSource->fetchAll('SELECT `User`.`...', false)
#4 /opt/lampp/htdocs/forum/lib/Cake/Model/Model.php(2897): DboSource->read(Object(User), Array)
#5 /opt/lampp/htdocs/forum/lib/Cake/Model/Model.php(2869): Model->_readDataSource('all', Array)
#6 /opt/lampp/htdocs/forum/app/Controller/UsersController.php(14): Model->find('all', Array)
#7 [internal function]: UsersController->profile()
#8 /opt/lampp/htdocs/forum/lib/Cake/Controller/Controller.php(490): ReflectionMethod->invokeArgs(Object(UsersController), Array)
#9 /opt/lampp/htdocs/forum/lib/Cake/Routing/Dispatcher.php(185): Controller->invokeAction(Object(CakeRequest))
#10 /opt/lampp/htdocs/forum/lib/Cake/Routing/Dispatcher.php(160): Dispatcher->_invoke(Object(UsersController), Object(CakeRequest), Object(CakeResponse))
#11 /opt/lampp/htdocs/forum/app/webroot/index.php(108): Dispatcher->dispatch(Object(CakeRequest), Object(CakeResponse))
#12 {main}
2015-08-05 21:37:24 Error: [PDOException] SQLSTATE[42S22]: Column not found: 1054 Unknown column 'User.id=' in 'where clause'
Request URL: /forum/users/profile
Stack Trace:
#0 /opt/lampp/htdocs/forum/lib/Cake/Model/Datasource/DboSource.php(458): PDOStatement->execute(Array)
#1 /opt/lampp/htdocs/forum/lib/Cake/Model/Datasource/DboSource.php(424): DboSource->_execute('SELECT `User`.`...', Array)
#2 /opt/lampp/htdocs/forum/lib/Cake/Model/Datasource/DboSource.php(664): DboSource->execute('SELECT `User`.`...', Array, Array)
#3 /opt/lampp/htdocs/forum/lib/Cake/Model/Datasource/DboSource.php(1076): DboSource->fetchAll('SELECT `User`.`...', false)
#4 /opt/lampp/htdocs/forum/lib/Cake/Model/Model.php(2897): DboSource->read(Object(User), Array)
#5 /opt/lampp/htdocs/forum/lib/Cake/Model/Model.php(2869): Model->_readDataSource('all', Array)
#6 /opt/lampp/htdocs/forum/app/Controller/UsersController.php(14): Model->find('all', Array)
#7 [internal function]: UsersController->profile()
#8 /opt/lampp/htdocs/forum/lib/Cake/Controller/Controller.php(490): ReflectionMethod->invokeArgs(Object(UsersController), Array)
#9 /opt/lampp/htdocs/forum/lib/Cake/Routing/Dispatcher.php(185): Controller->invokeAction(Object(CakeRequest))
#10 /opt/lampp/htdocs/forum/lib/Cake/Routing/Dispatcher.php(160): Dispatcher->_invoke(Object(UsersController), Object(CakeRequest), Object(CakeResponse))
#11 /opt/lampp/htdocs/forum/app/webroot/index.php(108): Dispatcher->dispatch(Object(CakeRequest), Object(CakeResponse))
#12 {main}
2015-08-05 21:37:45 Error: [PDOException] SQLSTATE[42S22]: Column not found: 1054 Unknown column 'User.id=' in 'where clause'
Request URL: /forum/users/profile
Stack Trace:
#0 /opt/lampp/htdocs/forum/lib/Cake/Model/Datasource/DboSource.php(458): PDOStatement->execute(Array)
#1 /opt/lampp/htdocs/forum/lib/Cake/Model/Datasource/DboSource.php(424): DboSource->_execute('SELECT `User`.`...', Array)
#2 /opt/lampp/htdocs/forum/lib/Cake/Model/Datasource/DboSource.php(664): DboSource->execute('SELECT `User`.`...', Array, Array)
#3 /opt/lampp/htdocs/forum/lib/Cake/Model/Datasource/DboSource.php(1076): DboSource->fetchAll('SELECT `User`.`...', false)
#4 /opt/lampp/htdocs/forum/lib/Cake/Model/Model.php(2897): DboSource->read(Object(User), Array)
#5 /opt/lampp/htdocs/forum/lib/Cake/Model/Model.php(2869): Model->_readDataSource('all', Array)
#6 /opt/lampp/htdocs/forum/app/Controller/UsersController.php(14): Model->find('all', Array)
#7 [internal function]: UsersController->profile()
#8 /opt/lampp/htdocs/forum/lib/Cake/Controller/Controller.php(490): ReflectionMethod->invokeArgs(Object(UsersController), Array)
#9 /opt/lampp/htdocs/forum/lib/Cake/Routing/Dispatcher.php(185): Controller->invokeAction(Object(CakeRequest))
#10 /opt/lampp/htdocs/forum/lib/Cake/Routing/Dispatcher.php(160): Dispatcher->_invoke(Object(UsersController), Object(CakeRequest), Object(CakeResponse))
#11 /opt/lampp/htdocs/forum/app/webroot/index.php(108): Dispatcher->dispatch(Object(CakeRequest), Object(CakeResponse))
#12 {main}
2015-08-05 21:45:21 Error: [PDOException] SQLSTATE[42S22]: Column not found: 1054 Unknown column 'User.id==' in 'where clause'
Request URL: /forum/users/profile
Stack Trace:
#0 /opt/lampp/htdocs/forum/lib/Cake/Model/Datasource/DboSource.php(458): PDOStatement->execute(Array)
#1 /opt/lampp/htdocs/forum/lib/Cake/Model/Datasource/DboSource.php(424): DboSource->_execute('SELECT `User`.`...', Array)
#2 /opt/lampp/htdocs/forum/lib/Cake/Model/Datasource/DboSource.php(664): DboSource->execute('SELECT `User`.`...', Array, Array)
#3 /opt/lampp/htdocs/forum/lib/Cake/Model/Datasource/DboSource.php(1076): DboSource->fetchAll('SELECT `User`.`...', false)
#4 /opt/lampp/htdocs/forum/lib/Cake/Model/Model.php(2897): DboSource->read(Object(User), Array)
#5 /opt/lampp/htdocs/forum/lib/Cake/Model/Model.php(2869): Model->_readDataSource('all', Array)
#6 /opt/lampp/htdocs/forum/app/Controller/UsersController.php(14): Model->find('all', Array)
#7 [internal function]: UsersController->profile()
#8 /opt/lampp/htdocs/forum/lib/Cake/Controller/Controller.php(490): ReflectionMethod->invokeArgs(Object(UsersController), Array)
#9 /opt/lampp/htdocs/forum/lib/Cake/Routing/Dispatcher.php(185): Controller->invokeAction(Object(CakeRequest))
#10 /opt/lampp/htdocs/forum/lib/Cake/Routing/Dispatcher.php(160): Dispatcher->_invoke(Object(UsersController), Object(CakeRequest), Object(CakeResponse))
#11 /opt/lampp/htdocs/forum/app/webroot/index.php(108): Dispatcher->dispatch(Object(CakeRequest), Object(CakeResponse))
#12 {main}
2015-08-05 22:19:44 Error: [PDOException] SQLSTATE[42S22]: Column not found: 1054 Unknown column 'Profile.user_id' in 'on clause'
Request URL: /forum/users/profile
Stack Trace:
#0 /opt/lampp/htdocs/forum/lib/Cake/Model/Datasource/DboSource.php(458): PDOStatement->execute(Array)
#1 /opt/lampp/htdocs/forum/lib/Cake/Model/Datasource/DboSource.php(424): DboSource->_execute('SELECT `User`.`...', Array)
#2 /opt/lampp/htdocs/forum/lib/Cake/Model/Datasource/DboSource.php(664): DboSource->execute('SELECT `User`.`...', Array, Array)
#3 /opt/lampp/htdocs/forum/lib/Cake/Model/Datasource/DboSource.php(1076): DboSource->fetchAll('SELECT `User`.`...', false)
#4 /opt/lampp/htdocs/forum/lib/Cake/Model/Model.php(2897): DboSource->read(Object(User), Array)
#5 /opt/lampp/htdocs/forum/lib/Cake/Model/Model.php(2869): Model->_readDataSource('all', Array)
#6 /opt/lampp/htdocs/forum/app/Controller/UsersController.php(14): Model->find('all', Array)
#7 [internal function]: UsersController->profile()
#8 /opt/lampp/htdocs/forum/lib/Cake/Controller/Controller.php(490): ReflectionMethod->invokeArgs(Object(UsersController), Array)
#9 /opt/lampp/htdocs/forum/lib/Cake/Routing/Dispatcher.php(185): Controller->invokeAction(Object(CakeRequest))
#10 /opt/lampp/htdocs/forum/lib/Cake/Routing/Dispatcher.php(160): Dispatcher->_invoke(Object(UsersController), Object(CakeRequest), Object(CakeResponse))
#11 /opt/lampp/htdocs/forum/app/webroot/index.php(108): Dispatcher->dispatch(Object(CakeRequest), Object(CakeResponse))
#12 {main}
2015-08-05 22:54:12 Error: [PDOException] SQLSTATE[42S22]: Column not found: 1054 Unknown column 'Profile.user_id' in 'on clause'
Request URL: /forum/users/profile
Stack Trace:
#0 /opt/lampp/htdocs/forum/lib/Cake/Model/Datasource/DboSource.php(458): PDOStatement->execute(Array)
#1 /opt/lampp/htdocs/forum/lib/Cake/Model/Datasource/DboSource.php(424): DboSource->_execute('SELECT `User`.`...', Array)
#2 /opt/lampp/htdocs/forum/lib/Cake/Model/Datasource/DboSource.php(664): DboSource->execute('SELECT `User`.`...', Array, Array)
#3 /opt/lampp/htdocs/forum/lib/Cake/Model/Datasource/DboSource.php(1076): DboSource->fetchAll('SELECT `User`.`...', false)
#4 /opt/lampp/htdocs/forum/lib/Cake/Model/Model.php(2897): DboSource->read(Object(User), Array)
#5 /opt/lampp/htdocs/forum/lib/Cake/Model/Model.php(2869): Model->_readDataSource('all', Array)
#6 /opt/lampp/htdocs/forum/app/Controller/UsersController.php(14): Model->find('all', Array)
#7 [internal function]: UsersController->profile()
#8 /opt/lampp/htdocs/forum/lib/Cake/Controller/Controller.php(490): ReflectionMethod->invokeArgs(Object(UsersController), Array)
#9 /opt/lampp/htdocs/forum/lib/Cake/Routing/Dispatcher.php(185): Controller->invokeAction(Object(CakeRequest))
#10 /opt/lampp/htdocs/forum/lib/Cake/Routing/Dispatcher.php(160): Dispatcher->_invoke(Object(UsersController), Object(CakeRequest), Object(CakeResponse))
#11 /opt/lampp/htdocs/forum/app/webroot/index.php(108): Dispatcher->dispatch(Object(CakeRequest), Object(CakeResponse))
#12 {main}
2015-08-05 22:54:59 Error: [PDOException] SQLSTATE[42S22]: Column not found: 1054 Unknown column 'Profile.user_id' in 'on clause'
Request URL: /forum/users/profile
Stack Trace:
#0 /opt/lampp/htdocs/forum/lib/Cake/Model/Datasource/DboSource.php(458): PDOStatement->execute(Array)
#1 /opt/lampp/htdocs/forum/lib/Cake/Model/Datasource/DboSource.php(424): DboSource->_execute('SELECT `User`.`...', Array)
#2 /opt/lampp/htdocs/forum/lib/Cake/Model/Datasource/DboSource.php(664): DboSource->execute('SELECT `User`.`...', Array, Array)
#3 /opt/lampp/htdocs/forum/lib/Cake/Model/Datasource/DboSource.php(1076): DboSource->fetchAll('SELECT `User`.`...', false)
#4 /opt/lampp/htdocs/forum/lib/Cake/Model/Model.php(2897): DboSource->read(Object(User), Array)
#5 /opt/lampp/htdocs/forum/lib/Cake/Model/Model.php(2869): Model->_readDataSource('all', Array)
#6 /opt/lampp/htdocs/forum/app/Controller/UsersController.php(14): Model->find('all', Array)
#7 [internal function]: UsersController->profile()
#8 /opt/lampp/htdocs/forum/lib/Cake/Controller/Controller.php(490): ReflectionMethod->invokeArgs(Object(UsersController), Array)
#9 /opt/lampp/htdocs/forum/lib/Cake/Routing/Dispatcher.php(185): Controller->invokeAction(Object(CakeRequest))
#10 /opt/lampp/htdocs/forum/lib/Cake/Routing/Dispatcher.php(160): Dispatcher->_invoke(Object(UsersController), Object(CakeRequest), Object(CakeResponse))
#11 /opt/lampp/htdocs/forum/app/webroot/index.php(108): Dispatcher->dispatch(Object(CakeRequest), Object(CakeResponse))
#12 {main}
